---- Ingestion Started at Wed Apr 15 21:30:50 IST 2026 ----
Moved large_lab_results.csv at Wed Apr 15 21:30:50 IST 2026
---- Ingestion Completed ----
---- Ingestion Started at Thu Apr 16 23:08:00 IST 2026 ----
No files found at Thu Apr 16 23:08:00 IST 2026
---- Ingestion Completed ----
---- Ingestion Started at Thu Apr 16 23:17:11 IST 2026 ----
No files found at Thu Apr 16 23:17:11 IST 2026
---- Ingestion Completed ----
---- Ingestion Started at Thu Apr 16 23:17:37 IST 2026 ----
No files found at Thu Apr 16 23:17:37 IST 2026
---- Ingestion Completed ----
---- Ingestion Started at Thu Apr 16 23:17:50 IST 2026 ----
No files found at Thu Apr 16 23:17:50 IST 2026
---- Ingestion Completed ----
---- Ingestion Started at Thu Apr 16 23:28:04 IST 2026 ----
No files found at Thu Apr 16 23:28:04 IST 2026
---- Ingestion Completed ----
---- Ingestion Started at Thu Apr 16 23:29:48 IST 2026 ----
No files found at Thu Apr 16 23:29:48 IST 2026
---- Ingestion Completed ----
